<?xml version="1.0" encoding="UTF-8"?>
<testsuites name="Mocha Tests" time="30.207" tests="5" failures="1">
  <testsuite name="Root Suite" timestamp="2019-10-11T11:17:59" tests="0" failures="0" time="0">
  </testsuite>
  <testsuite name="Entity Creation Tests" timestamp="2019-10-11T11:17:59" tests="5" failures="1" time="30.207">
    <testcase name="Entity Creation Tests can create organization" time="6.002" classname="can create organization">
    </testcase>
    <testcase name="Entity Creation Tests can create unit" time="6.58" classname="can create unit">
    </testcase>
    <testcase name="Entity Creation Tests can create context" time="8.634" classname="can create context">
    </testcase>
    <testcase name="Entity Creation Tests can create schema" time="8.991" classname="can create schema">
    </testcase>
    <testcase name="Entity Creation Tests can create schema version" time="0" classname="can create schema version">
      <failure message="Timed out retrying: expected &apos;&apos; not to be empty" type="CypressError"><![CDATA[CypressError: Timed out retrying: expected '' not to be empty
    at Object.cypressErr (http://localhost:9019/__cypress/runner/cypress_runner.js:85348:11)
    at Object.throwErr (http://localhost:9019/__cypress/runner/cypress_runner.js:85303:18)
    at Object.throwErrByPath (http://localhost:9019/__cypress/runner/cypress_runner.js:85335:17)
    at retry (http://localhost:9019/__cypress/runner/cypress_runner.js:77321:16)
    at onFailFn (http://localhost:9019/__cypress/runner/cypress_runner.js:68422:16)
    at tryCatcher (http://localhost:9019/__cypress/runner/cypress_runner.js:118962:23)
    at Promise._settlePromiseFromHandler (http://localhost:9019/__cypress/runner/cypress_runner.js:116898:31)
    at Promise._settlePromise (http://localhost:9019/__cypress/runner/cypress_runner.js:116955:18)
    at Promise._settlePromise0 (http://localhost:9019/__cypress/runner/cypress_runner.js:117000:10)
    at Promise._settlePromises (http://localhost:9019/__cypress/runner/cypress_runner.js:117075:18)
    at Async../node_modules/bluebird/js/release/async.js.Async._drainQueue (http://localhost:9019/__cypress/runner/cypress_runner.js:113687:16)
    at Async../node_modules/bluebird/js/release/async.js.Async._drainQueues (http://localhost:9019/__cypress/runner/cypress_runner.js:113697:10)
    at Async.drainQueues (http://localhost:9019/__cypress/runner/cypress_runner.js:113571:14)
    at <anonymous>]]></failure>
    </testcase>
  </testsuite>
</testsuites>